<?xml version="1.0" encoding="UTF-8"?>
<robot generator="Robot 7.3.2 (Python 3.13.5 on win32)" generated="2025-11-10T18:26:20.794695" rpa="false" schemaversion="5">
<suite id="s1" name="Sign In" source="C:\New folder\JIO__hotstar_apllication\Jio_hot_start_IOS\Test\sign_in.robot">
<test id="s1-t1" name="TC1: jio hotstart sigin" line="7">
<kw name="lanuch jiohotstart" owner="select_kannada">
<kw name="launch_jio_hotstar_application">
<msg time="2025-11-10T18:26:22.136201" level="FAIL">No keyword with name 'launch_jio_hotstar_application' found.</msg>
<arg>device=device_1</arg>
<status status="FAIL" start="2025-11-10T18:26:22.135912" elapsed="0.000526">No keyword with name 'launch_jio_hotstar_application' found.</status>
</kw>
<kw name="click_continue_and_sigin_to_device">
<arg>device=device_1</arg>
<status status="NOT RUN" start="2025-11-10T18:26:22.136777" elapsed="0.000125"/>
</kw>
<status status="FAIL" start="2025-11-10T18:26:22.133512" elapsed="0.003649">No keyword with name 'launch_jio_hotstar_application' found.</status>
</kw>
<tag>5412652</tag>
<status status="FAIL" start="2025-11-10T18:26:22.130248" elapsed="0.007181">No keyword with name 'launch_jio_hotstar_application' found.</status>
</test>
<status status="FAIL" start="2025-11-10T18:26:20.833148" elapsed="1.305399"/>
</suite>
<statistics>
<total>
<stat pass="0" fail="1" skip="0">All Tests</stat>
</total>
<tag>
<stat pass="0" fail="1" skip="0">5412652</stat>
</tag>
<suite>
<stat name="Sign In" id="s1" pass="0" fail="1" skip="0">Sign In</stat>
</suite>
</statistics>
<errors>
<msg time="2025-11-10T18:26:22.124808" level="ERROR">Error in file 'C:\New folder\JIO__hotstar_apllication\Jio_hot_start_IOS\Libraries\select_kannada.robot' on line 2: Importing library 'C:\New folder\JIO__hotstar_apllication\Jio_hot_start_IOS\Libraries\Home_page.py' failed: ModuleNotFoundError: No module named 'requests'
Traceback (most recent call last):
  File "C:\New folder\JIO__hotstar_apllication\Jio_hot_start_IOS\Libraries\Home_page.py", line 1, in &lt;module&gt;
    import  device_manager
  File "C:\New folder\JIO__hotstar_apllication\Jio_hot_start_IOS\Libraries\device_manager.py", line 7, in &lt;module&gt;
    from  Libraries import device_control
  File "C:\New folder\JIO__hotstar_apllication\Jio_hot_start_IOS\Libraries\device_control.py", line 7, in &lt;module&gt;
    from Libraries import device_manager
  File "C:\New folder\JIO__hotstar_apllication\Jio_hot_start_IOS\Libraries\device_manager.py", line 9, in &lt;module&gt;
    import requests
PYTHONPATH:
  C:\New folder\JIO__hotstar_apllication\Jio_hot_start_IOS\Libraries
  C:\Users\yashu\AppData\Roaming\JetBrains\PyCharmCE2025.1\plugins\robotframework-intellij\lib\robotframework_debug_adapter
  C:\New folder\JIO__hotstar_apllication\Jio_hot_start_IOS
  C:\Users\yashu\AppData\Roaming\JetBrains\PyCharmCE2025.1\plugins\robotframework-intellij\lib
  C:\Users\yashu\AppData\Roaming\JetBrains\PyCharmCE2025.1\plugins\robotframework-intellij\lib\robotframework_ls\vendored
  C:\Python313\python313.zip
  C:\Python313\DLLs
  C:\Python313\Lib
  C:\Python313
  C:\Users\yashu\AppData\Roaming\Python\Python313\site-packages
  C:\Python313\Lib\site-packages</msg>
</errors>
</robot>
